TN:
SF:src/modules/Math.ts
FN:3,(anonymous_0)
FN:4,(anonymous_2)
FN:14,(anonymous_3)
FN:18,(anonymous_4)
FN:24,(anonymous_5)
FNF:5
FNH:1
FNDA:2,(anonymous_0)
FNDA:0,(anonymous_2)
FNDA:0,(anonymous_3)
FNDA:0,(anonymous_4)
FNDA:0,(anonymous_5)
DA:3,1
DA:4,1
DA:5,0
DA:6,0
DA:7,0
DA:9,0
DA:10,0
DA:11,0
DA:14,1
DA:15,0
DA:18,1
DA:23,0
DA:24,0
DA:26,0
DA:28,1
LF:15
LH:5
BRDA:5,0,0,0
BRDA:5,0,1,0
BRDA:6,1,0,0
BRDA:6,1,1,0
BRDA:9,2,0,0
BRDA:9,2,1,0
BRDA:10,3,0,0
BRDA:10,3,1,0
BRF:8
BRH:0
end_of_record
TN:
SF:src/modules/Person.ts
FN:3,(anonymous_0)
FN:4,Person
FN:10,(anonymous_2)
FN:17,(anonymous_3)
FN:21,(anonymous_4)
FNF:5
FNH:4
FNDA:1,(anonymous_0)
FNDA:1,Person
FNDA:0,(anonymous_2)
FNDA:2,(anonymous_3)
FNDA:1,(anonymous_4)
DA:3,1
DA:5,1
DA:6,1
DA:7,1
DA:10,1
DA:11,0
DA:17,1
DA:18,2
DA:21,1
DA:22,1
DA:24,1
LF:11
LH:10
BRF:0
BRH:0
end_of_record
TN:
SF:src/modules/Timers.ts
FN:1,(anonymous_0)
FN:2,(anonymous_2)
FN:3,(anonymous_3)
FN:8,(anonymous_4)
FN:9,(anonymous_5)
FNF:5
FNH:5
FNDA:3,(anonymous_0)
FNDA:1,(anonymous_2)
FNDA:1,(anonymous_3)
FNDA:1,(anonymous_4)
FNDA:1,(anonymous_5)
DA:1,1
DA:2,1
DA:3,1
DA:4,1
DA:8,1
DA:9,1
DA:10,1
DA:12,1
DA:14,1
LF:9
LH:9
BRF:0
BRH:0
end_of_record
TN:
SF:src/tests/Math.test.ts
FN:6,(anonymous_1)
FN:7,(anonymous_2)
FN:8,(anonymous_3)
FN:13,(anonymous_4)
FN:17,(anonymous_5)
FNF:5
FNH:2
FNDA:1,(anonymous_1)
FNDA:1,(anonymous_2)
FNDA:0,(anonymous_3)
FNDA:0,(anonymous_4)
FNDA:0,(anonymous_5)
DA:1,1
DA:2,1
DA:4,1
DA:6,1
DA:7,1
DA:8,1
DA:9,0
DA:11,0
DA:13,1
DA:14,0
DA:15,0
DA:17,1
DA:18,0
DA:19,0
LF:14
LH:8
BRF:0
BRH:0
end_of_record
TN:
SF:src/tests/Person.test.ts
FN:4,(anonymous_1)
FN:6,(anonymous_2)
FN:11,(anonymous_3)
FN:16,(anonymous_4)
FN:21,(anonymous_5)
FN:25,(anonymous_6)
FN:27,(anonymous_7)
FN:31,(anonymous_8)
FNF:8
FNH:8
FNDA:1,(anonymous_1)
FNDA:2,(anonymous_2)
FNDA:2,(anonymous_3)
FNDA:1,(anonymous_4)
FNDA:1,(anonymous_5)
FNDA:1,(anonymous_6)
FNDA:1,(anonymous_7)
FNDA:1,(anonymous_8)
DA:1,1
DA:2,1
DA:4,1
DA:6,1
DA:7,2
DA:11,1
DA:12,2
DA:16,1
DA:17,1
DA:21,1
DA:22,1
DA:25,1
DA:26,1
DA:27,1
DA:28,1
DA:29,1
DA:31,1
DA:32,1
DA:33,1
LF:19
LH:19
BRF:0
BRH:0
end_of_record
TN:
SF:src/tests/Timers.test.ts
FN:4,(anonymous_1)
FN:5,(anonymous_2)
FN:7,(anonymous_3)
FN:10,(anonymous_4)
FN:12,(anonymous_5)
FN:20,(anonymous_6)
FN:21,(anonymous_7)
FNF:7
FNH:7
FNDA:1,(anonymous_1)
FNDA:1,(anonymous_2)
FNDA:2,(anonymous_3)
FNDA:1,(anonymous_4)
FNDA:1,(anonymous_5)
FNDA:1,(anonymous_6)
FNDA:1,(anonymous_7)
DA:1,1
DA:2,1
DA:4,1
DA:5,1
DA:7,1
DA:8,2
DA:10,1
DA:11,1
DA:12,1
DA:13,1
DA:14,1
DA:15,1
DA:17,1
DA:20,1
DA:21,1
DA:22,1
LF:16
LH:16
BRF:0
BRH:0
end_of_record
